SF:lib/data/repository/todos_repository_impl.dart
DA:12,1
DA:14,1
DA:16,2
DA:17,1
DA:20,1
DA:27,3
DA:33,1
DA:36,1
DA:44,1
DA:51,3
DA:54,1
DA:55,3
LF:12
LH:12
end_of_record
SF:lib/domain/model/todo.dart
DA:16,4
DA:18,0
DA:20,0
LF:3
LH:1
end_of_record
SF:lib/domain/model/todo_list.dart
DA:11,4
DA:13,3
DA:15,3
DA:17,0
DA:19,0
DA:20,0
DA:23,0
DA:25,0
DA:27,0
LF:9
LH:3
end_of_record
SF:lib/data/mapper/todo_list_mapper.dart
DA:6,1
DA:8,4
DA:9,1
DA:12,0
DA:13,0
LF:5
LH:3
end_of_record
SF:lib/data/mapper/todo_mapper.dart
DA:6,1
DA:7,1
DA:8,2
DA:9,1
DA:10,1
DA:11,2
DA:12,2
DA:16,1
DA:17,1
DA:18,2
DA:19,1
DA:20,1
DA:21,1
DA:22,2
DA:26,1
DA:32,1
DA:37,1
LF:17
LH:17
end_of_record
SF:lib/domain/usecase/delete_todo_usecase_impl.dart
DA:8,1
DA:10,1
DA:11,2
LF:3
LH:3
end_of_record
SF:lib/domain/usecase/update_todo_usecase_impl.dart
DA:8,1
DA:10,1
DA:18,2
LF:3
LH:3
end_of_record
SF:lib/domain/usecase/create_todo_usecase_impl.dart
DA:8,1
DA:10,1
DA:17,2
LF:3
LH:3
end_of_record
SF:lib/domain/usecase/get_todo_list_usecase_impl.dart
DA:8,1
DA:10,1
DA:11,2
LF:3
LH:3
end_of_record
